---------------------------------------
Begin Slurm Prolog: Feb-16-2025 12:48:15
Job ID:    1299563
User ID:   vdamineni3
Account:   coc
Job name:  resnet_cpu
Partition: ice-cpu
QOS:       coe-ice
---------------------------------------
Lmod Warning:
-------------------------------------------------------------------------------
The following dependent module(s) are not currently loaded: xz/5.2.5-y72uqzs
(required by: libxml2/2.10.3-74cdfsk)
-------------------------------------------------------------------------------




The following have been reloaded with a version change:
  1) xz/5.2.5-y72uqzs => xz/5.4.1

PyTorch Installed: 2.0.1+cu117
Image tensor shape: torch.Size([1, 3, 224, 224])
Inference Time on CPU: 0.1328 seconds
CPU Utilization During Execution: [15.8, 13.3]
Average CPU Usage During Execution: 14.55%
Memory Usage: 459.54 MB
Inference Time on CPU: 0.1328 seconds
CPU Usage Before Execution: 8.9%
CPU Usage After Execution: 9.0%
---------------------------------------
Begin Slurm Epilog: Feb-16-2025 12:48:31
Job ID:        1299563
User ID:       vdamineni3
Account:       coc
Job name:      resnet_cpu
Resources:     cpu=4,mem=16G,node=1
Rsrc Used:     cput=00:01:08,vmem=0,walltime=00:00:17,mem=755676K,energy_used=0
Partition:     ice-cpu
QOS:           coe-ice
Nodes:         atl1-1-02-004-15-2
---------------------------------------
